Export Mode - Sat Jan 16 14:18:45 2016
UTF Folder: C:/Users/AUDUNVN/AppData/Local/Discovery Freelancer 4.88.1/DATA/INTERFACE/NEURONET/NAVMAP/NEWNAVMAP
Image Folder: C:/Users/AUDUNVN/Desktop/FLDev/navmap
Checking navmaptextures.txm
Exporting navmaptextures.txm/nav_terrain_ice/MIP6.tga
Exporting navmaptextures.txm/nav_terrain_ice/MIP5.tga
Exporting navmaptextures.txm/nav_terrain_ice/MIP4.tga
Exporting navmaptextures.txm/nav_terrain_ice/MIP3.tga
Exporting navmaptextures.txm/nav_terrain_ice/MIP2.tga
Exporting navmaptextures.txm/nav_terrain_ice/MIP1.tga
Exporting navmaptextures.txm/nav_terrain_ice/MIP0.tga
Exporting navmaptextures.txm/TLRanimated_16/MIP4.tga
Exporting navmaptextures.txm/TLRanimated_16/MIP3.tga
Exporting navmaptextures.txm/TLRanimated_16/MIP2.tga
Exporting navmaptextures.txm/TLRanimated_16/MIP1.tga
Exporting navmaptextures.txm/TLRanimated_16/MIP0.tga
Exporting navmaptextures.txm/TLRanimated_15/MIP4.tga
Exporting navmaptextures.txm/TLRanimated_15/MIP3.tga
Exporting navmaptextures.txm/TLRanimated_15/MIP2.tga
Exporting navmaptextures.txm/TLRanimated_15/MIP1.tga
Exporting navmaptextures.txm/TLRanimated_15/MIP0.tga
Exporting navmaptextures.txm/TLRanimated_14/MIP4.tga
Exporting navmaptextures.txm/TLRanimated_14/MIP3.tga
Exporting navmaptextures.txm/TLRanimated_14/MIP2.tga
Exporting navmaptextures.txm/TLRanimated_14/MIP1.tga
Exporting navmaptextures.txm/TLRanimated_14/MIP0.tga
Exporting navmaptextures.txm/TLRanimated_13/MIP4.tga
Exporting navmaptextures.txm/TLRanimated_13/MIP3.tga
Exporting navmaptextures.txm/TLRanimated_13/MIP2.tga
Exporting navmaptextures.txm/TLRanimated_13/MIP1.tga
Exporting navmaptextures.txm/TLRanimated_13/MIP0.tga
Exporting navmaptextures.txm/TLRanimated_12/MIP4.tga
Exporting navmaptextures.txm/TLRanimated_12/MIP3.tga
Exporting navmaptextures.txm/TLRanimated_12/MIP2.tga
Exporting navmaptextures.txm/TLRanimated_12/MIP1.tga
Exporting navmaptextures.txm/TLRanimated_12/MIP0.tga
Exporting navmaptextures.txm/TLRanimated_11/MIP4.tga
Exporting navmaptextures.txm/TLRanimated_11/MIP3.tga
Exporting navmaptextures.txm/TLRanimated_11/MIP2.tga
Exporting navmaptextures.txm/TLRanimated_11/MIP1.tga
Exporting navmaptextures.txm/TLRanimated_11/MIP0.tga
Exporting navmaptextures.txm/TLRanimated_10/MIP4.tga
Exporting navmaptextures.txm/TLRanimated_10/MIP3.tga
Exporting navmaptextures.txm/TLRanimated_10/MIP2.tga
Exporting navmaptextures.txm/TLRanimated_10/MIP1.tga
Exporting navmaptextures.txm/TLRanimated_10/MIP0.tga
Exporting navmaptextures.txm/TLRanimated_09/MIP4.tga
Exporting navmaptextures.txm/TLRanimated_09/MIP3.tga
Exporting navmaptextures.txm/TLRanimated_09/MIP2.tga
Exporting navmaptextures.txm/TLRanimated_09/MIP1.tga
Exporting navmaptextures.txm/TLRanimated_09/MIP0.tga
Exporting navmaptextures.txm/TLRanimated_08/MIP4.tga
Exporting navmaptextures.txm/TLRanimated_08/MIP3.tga
Exporting navmaptextures.txm/TLRanimated_08/MIP2.tga
Exporting navmaptextures.txm/TLRanimated_08/MIP1.tga
Exporting navmaptextures.txm/TLRanimated_08/MIP0.tga
Exporting navmaptextures.txm/TLRanimated_07/MIP4.tga
Exporting navmaptextures.txm/TLRanimated_07/MIP3.tga
Exporting navmaptextures.txm/TLRanimated_07/MIP2.tga
Exporting navmaptextures.txm/TLRanimated_07/MIP1.tga
Exporting navmaptextures.txm/TLRanimated_07/MIP0.tga
Exporting navmaptextures.txm/TLRanimated_06/MIP4.tga
Exporting navmaptextures.txm/TLRanimated_06/MIP3.tga
Exporting navmaptextures.txm/TLRanimated_06/MIP2.tga
Exporting navmaptextures.txm/TLRanimated_06/MIP1.tga
Exporting navmaptextures.txm/TLRanimated_06/MIP0.tga
Exporting navmaptextures.txm/TLRanimated_05/MIP4.tga
Exporting navmaptextures.txm/TLRanimated_05/MIP3.tga
Exporting navmaptextures.txm/TLRanimated_05/MIP2.tga
Exporting navmaptextures.txm/TLRanimated_05/MIP1.tga
Exporting navmaptextures.txm/TLRanimated_05/MIP0.tga
Exporting navmaptextures.txm/TLRanimated_04/MIP4.tga
Exporting navmaptextures.txm/TLRanimated_04/MIP3.tga
Exporting navmaptextures.txm/TLRanimated_04/MIP2.tga
Exporting navmaptextures.txm/TLRanimated_04/MIP1.tga
Exporting navmaptextures.txm/TLRanimated_04/MIP0.tga
Exporting navmaptextures.txm/TLRanimated_03/MIP4.tga
Exporting navmaptextures.txm/TLRanimated_03/MIP3.tga
Exporting navmaptextures.txm/TLRanimated_03/MIP2.tga
Exporting navmaptextures.txm/TLRanimated_03/MIP1.tga
Exporting navmaptextures.txm/TLRanimated_03/MIP0.tga
Exporting navmaptextures.txm/TLRanimated_02/MIP4.tga
Exporting navmaptextures.txm/TLRanimated_02/MIP3.tga
Exporting navmaptextures.txm/TLRanimated_02/MIP2.tga
Exporting navmaptextures.txm/TLRanimated_02/MIP1.tga
Exporting navmaptextures.txm/TLRanimated_02/MIP0.tga
Exporting navmaptextures.txm/TLRanimated_01/MIP4.tga
Exporting navmaptextures.txm/TLRanimated_01/MIP3.tga
Exporting navmaptextures.txm/TLRanimated_01/MIP2.tga
Exporting navmaptextures.txm/TLRanimated_01/MIP1.tga
Exporting navmaptextures.txm/TLRanimated_01/MIP0.tga
Exporting navmaptextures.txm/NAV_TLRtexture/MIP7.tga
Exporting navmaptextures.txm/NAV_TLRtexture/MIP6.tga
Exporting navmaptextures.txm/NAV_TLRtexture/MIP5.tga
Exporting navmaptextures.txm/NAV_TLRtexture/MIP4.tga
Exporting navmaptextures.txm/NAV_TLRtexture/MIP3.tga
Exporting navmaptextures.txm/NAV_TLRtexture/MIP2.tga
Exporting navmaptextures.txm/NAV_TLRtexture/MIP1.tga
Exporting navmaptextures.txm/NAV_TLRtexture/MIP0.tga
Exporting navmaptextures.txm/NAV_tlr/MIP6.tga
Exporting navmaptextures.txm/NAV_tlr/MIP5.tga
Exporting navmaptextures.txm/NAV_tlr/MIP4.tga
Exporting navmaptextures.txm/NAV_tlr/MIP3.tga
Exporting navmaptextures.txm/NAV_tlr/MIP2.tga
Exporting navmaptextures.txm/NAV_tlr/MIP1.tga
Exporting navmaptextures.txm/NAV_tlr/MIP0.tga
Exporting navmaptextures.txm/NAV_waypathtexture/MIP4.tga
Exporting navmaptextures.txm/NAV_waypathtexture/MIP3.tga
Exporting navmaptextures.txm/NAV_waypathtexture/MIP2.tga
Exporting navmaptextures.txm/NAV_waypathtexture/MIP1.tga
Exporting navmaptextures.txm/NAV_waypathtexture/MIP0.tga
Exporting navmaptextures.txm/nav_terrain_nomadast/MIP6.tga
Exporting navmaptextures.txm/nav_terrain_nomadast/MIP5.tga
Exporting navmaptextures.txm/nav_terrain_nomadast/MIP4.tga
Exporting navmaptextures.txm/nav_terrain_nomadast/MIP3.tga
Exporting navmaptextures.txm/nav_terrain_nomadast/MIP2.tga
Exporting navmaptextures.txm/nav_terrain_nomadast/MIP1.tga
Exporting navmaptextures.txm/nav_terrain_nomadast/MIP0.tga
Exporting navmaptextures.txm/nav_terrain_lava/MIP6.tga
Exporting navmaptextures.txm/nav_terrain_lava/MIP5.tga
Exporting navmaptextures.txm/nav_terrain_lava/MIP4.tga
Exporting navmaptextures.txm/nav_terrain_lava/MIP3.tga
Exporting navmaptextures.txm/nav_terrain_lava/MIP2.tga
Exporting navmaptextures.txm/nav_terrain_lava/MIP1.tga
Exporting navmaptextures.txm/nav_terrain_lava/MIP0.tga
Exporting navmaptextures.txm/nav_terrain_mines/MIP6.tga
Exporting navmaptextures.txm/nav_terrain_mines/MIP5.tga
Exporting navmaptextures.txm/nav_terrain_mines/MIP4.tga
Exporting navmaptextures.txm/nav_terrain_mines/MIP3.tga
Exporting navmaptextures.txm/nav_terrain_mines/MIP2.tga
Exporting navmaptextures.txm/nav_terrain_mines/MIP1.tga
Exporting navmaptextures.txm/nav_terrain_mines/MIP0.tga
Exporting navmaptextures.txm/nav_terrain_debris/MIP6.tga
Exporting navmaptextures.txm/nav_terrain_debris/MIP5.tga
Exporting navmaptextures.txm/nav_terrain_debris/MIP4.tga
Exporting navmaptextures.txm/nav_terrain_debris/MIP3.tga
Exporting navmaptextures.txm/nav_terrain_debris/MIP2.tga
Exporting navmaptextures.txm/nav_terrain_debris/MIP1.tga
Exporting navmaptextures.txm/nav_terrain_debris/MIP0.tga
Exporting navmaptextures.txm/nav_terrain_badlands/MIP6.tga
Exporting navmaptextures.txm/nav_terrain_badlands/MIP5.tga
Exporting navmaptextures.txm/nav_terrain_badlands/MIP4.tga
Exporting navmaptextures.txm/nav_terrain_badlands/MIP3.tga
Exporting navmaptextures.txm/nav_terrain_badlands/MIP2.tga
Exporting navmaptextures.txm/nav_terrain_badlands/MIP1.tga
Exporting navmaptextures.txm/nav_terrain_badlands/MIP0.tga
Exporting navmaptextures.txm/dustcloud/MIP6.tga
Exporting navmaptextures.txm/dustcloud/MIP5.tga
Exporting navmaptextures.txm/dustcloud/MIP4.tga
Exporting navmaptextures.txm/dustcloud/MIP3.tga
Exporting navmaptextures.txm/dustcloud/MIP2.tga
Exporting navmaptextures.txm/dustcloud/MIP1.tga
Exporting navmaptextures.txm/dustcloud/MIP0.tga
Exporting navmaptextures.txm/asteroidtest/MIP6.tga
Exporting navmaptextures.txm/asteroidtest/MIP5.tga
Exporting navmaptextures.txm/asteroidtest/MIP4.tga
Exporting navmaptextures.txm/asteroidtest/MIP3.tga
Exporting navmaptextures.txm/asteroidtest/MIP2.tga
Exporting navmaptextures.txm/asteroidtest/MIP1.tga
Exporting navmaptextures.txm/asteroidtest/MIP0.tga
Exporting navmaptextures.txm/checktest/MIP6.tga
Exporting navmaptextures.txm/checktest/MIP5.tga
Exporting navmaptextures.txm/checktest/MIP4.tga
Exporting navmaptextures.txm/checktest/MIP3.tga
Exporting navmaptextures.txm/checktest/MIP2.tga
Exporting navmaptextures.txm/checktest/MIP1.tga
Exporting navmaptextures.txm/checktest/MIP0.tga
Exporting navmaptextures.txm/asterdust/MIP6.tga
Exporting navmaptextures.txm/asterdust/MIP5.tga
Exporting navmaptextures.txm/asterdust/MIP4.tga
Exporting navmaptextures.txm/asterdust/MIP3.tga
Exporting navmaptextures.txm/asterdust/MIP2.tga
Exporting navmaptextures.txm/asterdust/MIP1.tga
Exporting navmaptextures.txm/asterdust/MIP0.tga
Checking navmap_background.cmp
Exporting navmap_background.cmp/30.tgaframetexture.tga
Exporting navmap_background.cmp/backgroundpattern.tga
Checking nav_addwaypoint.cmp
Exporting nav_addwaypoint.cmp/NAV_waypoint.tga
Exporting nav_addwaypoint.cmp/NAV_buttonback.tga
Checking nav_allzonefilter.3db
Exporting nav_allzonefilter.3db/NAV_allzonesfilter.tga
Checking nav_filter_missions.3db
Exporting nav_filter_missions.3db/NAV_activemission.tga
Checking nav_filter_physical.3db
Exporting nav_filter_physical.3db/NAV_physical.tga
Exporting nav_filter_physical.3db/NAV_activemission.tga
Checking nav_filter_political.3db
Exporting nav_filter_political.3db/NAV_political.tga
Exporting nav_filter_political.3db/NAV_activemission.tga
Checking nav_friendlyzonefilter.3db
Exporting nav_friendlyzonefilter.3db/NAV_friendlyzone.tga
Checking nav_hostilezonefilter.3db
Exporting nav_hostilezonefilter.3db/NAV_hostilezonefilter.tga
Exporting nav_hostilezonefilter.3db/NAV_activemission.tga
Checking nav_info.cmp
Exporting nav_info.cmp/question.tga
Exporting nav_info.cmp/NAV_buttonback.tga
Checking nav_jumptosystem.cmp
Exporting nav_jumptosystem.cmp/NAV_jumptosystem.tga
Exporting nav_jumptosystem.cmp/NAV_buttonback.tga
Checking nav_knownbases.3db
Exporting nav_knownbases.3db/NAV_knownbases.tga
Checking nav_labels.3db
Exporting nav_labels.3db/label.tga
Checking nav_legend.3db
Exporting nav_legend.3db/NAV_legend.tga
Checking nav_legendtoggle.3db
Exporting nav_legendtoggle.3db/question.tga
Checking nav_minablezonefilter.3db
Exporting nav_minablezonefilter.3db/NAV_minablezone.tga
Checking nav_navmap_left.cmp
Exporting nav_navmap_left.cmp/30.tgaframetexture.tga
Exporting nav_navmap_left.cmp/edgecolor.tgaagain4.tga
Exporting nav_navmap_left.cmp/backgroundpattern.tga
Checking nav_navmap_right.cmp
Exporting nav_navmap_right.cmp/30.tgaframetexture.tga
Exporting nav_navmap_right.cmp/edgecolor.tgaagain4.tga
Exporting nav_navmap_right.cmp/backgroundpattern.tga
Checking nav_patrol.3db
Exporting nav_patrol.3db/NAV_patrol.tga
Checking nav_prettymap.3db
Exporting nav_prettymap.3db/fancymap.tga
Checking nav_prettymap_4x2.3db
Exporting nav_prettymap_4x2.3db/fancymap.tga
Checking nav_selector.3db
Exporting nav_selector.3db/NAV_selector16.tga
Checking nav_selectorhand.cmp
Exporting nav_selectorhand.cmp/NAV_select.tga
Exporting nav_selectorhand.cmp/NAV_buttonback.tga
Checking nav_shortestpath.cmp
Exporting nav_shortestpath.cmp/NAV_shortestpath.tga
Exporting nav_shortestpath.cmp/NAV_buttonback.tga
Checking nav_subtractwaypoint.cmp
Exporting nav_subtractwaypoint.cmp/NAV_waypointdelete.tga
Exporting nav_subtractwaypoint.cmp/NAV_buttonback.tga
Checking nav_universebutton.3db
Exporting nav_universebutton.3db/NAV_universebutton.tga
Checking nav_zoomin.cmp
Exporting nav_zoomin.cmp/NAV_zoomin.tga
Exporting nav_zoomin.cmp/NAV_buttonback.tga
Checking nav_zoomout.cmp
Exporting nav_zoomout.cmp/NAV_zoomout.tga
Exporting nav_zoomout.cmp/NAV_buttonback.tga
Checking waypoint0.3db
Exporting waypoint0.3db/waypointbut0.tga
Checking waypoint1.3db
Exporting waypoint1.3db/waypointbut1.tga
Checking waypoint2.3db
Exporting waypoint2.3db/waypointbut2.tga
Checking waypoint3.3db
Exporting waypoint3.3db/waypointbut3.tga
Checking waypoint4.3db
Exporting waypoint4.3db/waypointbut4.tga
Checking waypoint5.3db
Exporting waypoint5.3db/waypointbut5.tga
Checking waypoint6.3db
Exporting waypoint6.3db/waypointbut6.tga
Checking waypoint7.3db
Exporting waypoint7.3db/waypointbut7.tga
Checking waypoint8.3db
Exporting waypoint8.3db/waypointbut8.tga
Checking waypoint9.3db
Exporting waypoint9.3db/waypointbut9.tga
Checking zoomedmap_liberty.3db
Exporting zoomedmap_liberty.3db/NAV_zoomedliberty.tga
Checking SPACEOBJECTS/nav_depot.3db
Exporting SPACEOBJECTS/nav_depot.3db/depot.tga
Checking SPACEOBJECTS/nav_dockingrings.3db
Exporting SPACEOBJECTS/nav_dockingrings.3db/dockingring.tga
Checking SPACEOBJECTS/nav_jumpgate.3db
Exporting SPACEOBJECTS/nav_jumpgate.3db/jumpgate.tga
Checking SPACEOBJECTS/nav_jumphole.3db
Exporting SPACEOBJECTS/nav_jumphole.3db/jumphole.tga
Checking SPACEOBJECTS/nav_largestation.3db
Exporting SPACEOBJECTS/nav_largestation.3db/largespacestation.tga
Checking SPACEOBJECTS/nav_lootabledepot.3db
Exporting SPACEOBJECTS/nav_lootabledepot.3db/NAV_lootabledepot.tga
Checking SPACEOBJECTS/nav_offscreenarrow.3db
Exporting SPACEOBJECTS/nav_offscreenarrow.3db/NAV_offscreenarrow.tga
Checking SPACEOBJECTS/nav_outpost.3db
Exporting SPACEOBJECTS/nav_outpost.3db/outpost.tga
Checking SPACEOBJECTS/nav_playership.3db
Exporting SPACEOBJECTS/nav_playership.3db/NAV_playershipicon.tga
Checking SPACEOBJECTS/nav_smallstation.3db
Exporting SPACEOBJECTS/nav_smallstation.3db/smallspacestation.tga
Checking SPACEOBJECTS/nav_star.3db
Exporting SPACEOBJECTS/nav_star.3db/NAV_star.tga
Checking SPACEOBJECTS/nav_surprisex.3db
Exporting SPACEOBJECTS/nav_surprisex.3db/NAV_surpriseX.tga
Checking SPACEOBJECTS/nav_tradelanering.3db
Exporting SPACEOBJECTS/nav_tradelanering.3db/NAV_tlr.tga
Checking SPACEOBJECTS/nav_waypointcircle.3db
Exporting SPACEOBJECTS/nav_waypointcircle.3db/NAV_waypointcircle.tga
Checking SPACEOBJECTS/nav_waypointdiamond.3db
Exporting SPACEOBJECTS/nav_waypointdiamond.3db/NAV_waypointdiamond.tga
Checking SPACEOBJECTS/nav_weaponplatform.3db
Exporting SPACEOBJECTS/nav_weaponplatform.3db/NAV_weaponplatform.tga
Checking SPACEOBJECTS/nnm_lg_depot.3db
Checking SPACEOBJECTS/nnm_sm_depot.3db
Checking SPACEOBJECTS/nnm_sm_info_position.3db
Exporting SPACEOBJECTS/nnm_sm_info_position.3db/csp2.tga
Checking SPACEOBJECTS/nnm_sm_medium_forest_moon.3db
Checking SPACEOBJECTS/nnm_sm_medium_rocky_moon.3db
Checking SPACEOBJECTS/nnm_sm_mining.3db
Exporting SPACEOBJECTS/nnm_sm_mining.3db/miningship.tga/MIP6.tga
Exporting SPACEOBJECTS/nnm_sm_mining.3db/miningship.tga/MIP5.tga
Exporting SPACEOBJECTS/nnm_sm_mining.3db/miningship.tga/MIP4.tga
Exporting SPACEOBJECTS/nnm_sm_mining.3db/miningship.tga/MIP3.tga
Exporting SPACEOBJECTS/nnm_sm_mining.3db/miningship.tga/MIP2.tga
Exporting SPACEOBJECTS/nnm_sm_mining.3db/miningship.tga/MIP1.tga
Exporting SPACEOBJECTS/nnm_sm_mining.3db/miningship.tga/MIP0.tga
Checking SPACEOBJECTS/nnm_sm_small_desert_moon.3db
Checking SPACEOBJECTS/nnm_sm_small_ice_moon.3db
Checking SPACEOBJECTS/nnm_sm_sun.3db
Exporting SPACEOBJECTS/nnm_sm_sun.3db/sunwoglow2.tga/MIP7.tga
Exporting SPACEOBJECTS/nnm_sm_sun.3db/sunwoglow2.tga/MIP6.tga
Exporting SPACEOBJECTS/nnm_sm_sun.3db/sunwoglow2.tga/MIP5.tga
Exporting SPACEOBJECTS/nnm_sm_sun.3db/sunwoglow2.tga/MIP4.tga
Exporting SPACEOBJECTS/nnm_sm_sun.3db/sunwoglow2.tga/MIP3.tga
Exporting SPACEOBJECTS/nnm_sm_sun.3db/sunwoglow2.tga/MIP2.tga
Exporting SPACEOBJECTS/nnm_sm_sun.3db/sunwoglow2.tga/MIP1.tga
Exporting SPACEOBJECTS/nnm_sm_sun.3db/sunwoglow2.tga/MIP0.tga
Checking SPACEOBJECTS/spaceobjects.mat
Exporting SPACEOBJECTS/spaceobjects.mat/edge_exterior copy.tga/MIP0.tga
Exporting SPACEOBJECTS/spaceobjects.mat/edge_exterior copy.tga/MIP1.tga
Exporting SPACEOBJECTS/spaceobjects.mat/edge_exterior copy.tga/MIP2.tga
Exporting SPACEOBJECTS/spaceobjects.mat/edge_exterior copy.tga/MIP3.tga
Exporting SPACEOBJECTS/spaceobjects.mat/edge_exterior copy.tga/MIP4.tga
Exporting SPACEOBJECTS/spaceobjects.mat/edge_exterior copy.tga/MIP5.tga
Exporting SPACEOBJECTS/spaceobjects.mat/edge_exterior copy.tga/MIP6.tga
Exporting SPACEOBJECTS/spaceobjects.mat/edge_exterior copy.tga/MIP7.tga
Exporting SPACEOBJECTS/spaceobjects.mat/edge_exterior copy.tga/MIP8.tga
Exporting SPACEOBJECTS/spaceobjects.mat/spritesheet5.tga/MIP0.tga
Exporting SPACEOBJECTS/spaceobjects.mat/spritesheet5.tga/MIP1.tga
Exporting SPACEOBJECTS/spaceobjects.mat/spritesheet5.tga/MIP2.tga
Exporting SPACEOBJECTS/spaceobjects.mat/spritesheet5.tga/MIP3.tga
Exporting SPACEOBJECTS/spaceobjects.mat/spritesheet5.tga/MIP4.tga
Exporting SPACEOBJECTS/spaceobjects.mat/spritesheet5.tga/MIP5.tga
Exporting SPACEOBJECTS/spaceobjects.mat/spritesheet5.tga/MIP6.tga
Exporting SPACEOBJECTS/spaceobjects.mat/spritesheet5.tga/MIP7.tga
Exporting SPACEOBJECTS/spaceobjects.mat/spritesheet5.tga/MIP8.tga
--------------------------------------------------------------------------------
Total UTF Files Read: 65
Total UTF Texture Libraries: 59
Total UTF Files Modified: 0
Total Images Exported: 274
Total Time: 1 seconds

